{
"/Users/williamfligor/Documents/Projects/optimize.js/lib/optimize.js":{"path":"/Users/williamfligor/Documents/Projects/optimize.js/lib/optimize.js","s":{"1":1,"2":1,"3":1,"4":1,"5":1,"6":1,"7":10,"8":1,"9":13,"10":13,"11":13,"12":13,"13":13,"14":13,"15":13,"16":13,"17":0,"18":0,"19":0,"20":13,"21":13,"22":13,"23":13,"24":13,"25":1,"26":73,"27":73,"28":122,"29":73,"30":1,"31":2,"32":2,"33":2,"34":1,"35":2,"36":2,"37":2,"38":2,"39":2,"40":2,"41":2,"42":2,"43":2,"44":2,"45":2,"46":2,"47":2,"48":3,"49":3,"50":2,"51":1,"52":3,"53":3,"54":2,"55":2,"56":2,"57":2,"58":2,"59":73,"60":73,"61":73,"62":2,"63":71,"64":71,"65":71,"66":71,"67":20,"68":20,"69":20,"70":18,"71":18,"72":2,"73":2,"74":51,"75":15,"76":15,"77":36,"78":36,"79":3,"80":3,"81":3,"82":3,"83":3,"84":0,"85":33,"86":33,"87":33,"88":32,"89":32,"90":1,"91":36,"92":1,"93":2,"94":2,"95":71,"96":71,"97":71,"98":2,"99":2,"100":2,"101":2,"102":0,"103":2,"104":2,"105":2,"106":2,"107":1,"108":1,"109":1,"110":1,"111":1,"112":0,"113":1,"114":1,"115":1,"116":1,"117":1,"118":13,"119":13,"120":13,"121":13,"122":13,"123":13,"124":13,"125":13,"126":13,"127":78,"128":78,"129":78,"130":78,"131":78,"132":13,"133":13,"134":13,"135":13,"136":13,"137":13,"138":13,"139":13,"140":0,"141":13,"142":1,"143":1},"b":{"1":[10,7],"2":[13,0],"3":[0,0],"4":[1,1],"5":[1,1],"6":[1,1],"7":[2,1],"8":[2,71],"9":[20,51],"10":[18,2],"11":[15,36],"12":[3,33],"13":[3,0],"14":[32,1],"15":[1,35],"16":[0,2],"17":[0,1],"18":[1,0],"19":[1,0],"20":[1,0],"21":[13,65],"22":[0,13],"23":[1,12],"24":[13,11]},"f":{"1":10,"2":13,"3":73,"4":2,"5":1},"fnMap":{"1":{"name":"q","line":9,"loc":{"start":{"line":9,"column":0},"end":{"line":9,"column":14}}},"2":{"name":"approx_jacobian","line":14,"loc":{"start":{"line":14,"column":0},"end":{"line":14,"column":35}}},"3":{"name":"max_abs_diff","line":43,"loc":{"start":{"line":43,"column":0},"end":{"line":43,"column":29}}},"4":{"name":"(anonymous_4)","line":52,"loc":{"start":{"line":52,"column":16},"end":{"line":52,"column":42}}},"5":{"name":"(anonymous_5)","line":185,"loc":{"start":{"line":185,"column":18},"end":{"line":185,"column":42}}}},"statementMap":{"1":{"start":{"line":1,"column":0},"end":{"line":1,"column":33}},"2":{"start":{"line":2,"column":0},"end":{"line":2,"column":37}},"3":{"start":{"line":4,"column":0},"end":{"line":4,"column":33}},"4":{"start":{"line":5,"column":0},"end":{"line":5,"column":33}},"5":{"start":{"line":7,"column":0},"end":{"line":7,"column":35}},"6":{"start":{"line":9,"column":0},"end":{"line":12,"column":1}},"7":{"start":{"line":11,"column":4},"end":{"line":11,"column":51}},"8":{"start":{"line":14,"column":0},"end":{"line":41,"column":1}},"9":{"start":{"line":17,"column":4},"end":{"line":17,"column":18}},"10":{"start":{"line":18,"column":4},"end":{"line":18,"column":18}},"11":{"start":{"line":19,"column":4},"end":{"line":19,"column":17}},"12":{"start":{"line":21,"column":4},"end":{"line":21,"column":28}},"13":{"start":{"line":22,"column":4},"end":{"line":22,"column":28}},"14":{"start":{"line":24,"column":4},"end":{"line":32,"column":5}},"15":{"start":{"line":25,"column":8},"end":{"line":27,"column":9}},"16":{"start":{"line":26,"column":12},"end":{"line":26,"column":25}},"17":{"start":{"line":28,"column":11},"end":{"line":32,"column":5}},"18":{"start":{"line":29,"column":8},"end":{"line":29,"column":17}},"19":{"start":{"line":31,"column":8},"end":{"line":31,"column":49}},"20":{"start":{"line":34,"column":4},"end":{"line":38,"column":5}},"21":{"start":{"line":35,"column":8},"end":{"line":35,"column":30}},"22":{"start":{"line":36,"column":8},"end":{"line":36,"column":65}},"23":{"start":{"line":37,"column":8},"end":{"line":37,"column":21}},"24":{"start":{"line":40,"column":4},"end":{"line":40,"column":32}},"25":{"start":{"line":43,"column":0},"end":{"line":50,"column":1}},"26":{"start":{"line":44,"column":4},"end":{"line":44,"column":18}},"27":{"start":{"line":46,"column":4},"end":{"line":48,"column":5}},"28":{"start":{"line":47,"column":8},"end":{"line":47,"column":49}},"29":{"start":{"line":49,"column":4},"end":{"line":49,"column":15}},"30":{"start":{"line":52,"column":0},"end":{"line":183,"column":2}},"31":{"start":{"line":55,"column":4},"end":{"line":55,"column":30}},"32":{"start":{"line":56,"column":4},"end":{"line":56,"column":22}},"33":{"start":{"line":59,"column":4},"end":{"line":59,"column":31}},"34":{"start":{"line":59,"column":19},"end":{"line":59,"column":29}},"35":{"start":{"line":64,"column":4},"end":{"line":64,"column":47}},"36":{"start":{"line":65,"column":4},"end":{"line":65,"column":59}},"37":{"start":{"line":68,"column":4},"end":{"line":68,"column":16}},"38":{"start":{"line":69,"column":4},"end":{"line":69,"column":16}},"39":{"start":{"line":70,"column":4},"end":{"line":70,"column":18}},"40":{"start":{"line":71,"column":4},"end":{"line":71,"column":20}},"41":{"start":{"line":72,"column":4},"end":{"line":72,"column":24}},"42":{"start":{"line":73,"column":4},"end":{"line":73,"column":24}},"43":{"start":{"line":75,"column":4},"end":{"line":75,"column":17}},"44":{"start":{"line":76,"column":4},"end":{"line":76,"column":16}},"45":{"start":{"line":77,"column":4},"end":{"line":77,"column":18}},"46":{"start":{"line":78,"column":4},"end":{"line":78,"column":23}},"47":{"start":{"line":80,"column":4},"end":{"line":90,"column":5}},"48":{"start":{"line":81,"column":8},"end":{"line":81,"column":32}},"49":{"start":{"line":82,"column":8},"end":{"line":86,"column":9}},"50":{"start":{"line":83,"column":12},"end":{"line":83,"column":35}},"51":{"start":{"line":85,"column":12},"end":{"line":85,"column":25}},"52":{"start":{"line":88,"column":8},"end":{"line":88,"column":23}},"53":{"start":{"line":89,"column":8},"end":{"line":89,"column":30}},"54":{"start":{"line":92,"column":4},"end":{"line":92,"column":36}},"55":{"start":{"line":93,"column":4},"end":{"line":93,"column":35}},"56":{"start":{"line":94,"column":4},"end":{"line":94,"column":33}},"57":{"start":{"line":96,"column":4},"end":{"line":96,"column":23}},"58":{"start":{"line":99,"column":4},"end":{"line":166,"column":5}},"59":{"start":{"line":100,"column":8},"end":{"line":100,"column":29}},"60":{"start":{"line":102,"column":8},"end":{"line":102,"column":24}},"61":{"start":{"line":104,"column":8},"end":{"line":106,"column":9}},"62":{"start":{"line":105,"column":12},"end":{"line":105,"column":18}},"63":{"start":{"line":108,"column":8},"end":{"line":109,"column":57}},"64":{"start":{"line":110,"column":8},"end":{"line":111,"column":53}},"65":{"start":{"line":112,"column":8},"end":{"line":112,"column":27}},"66":{"start":{"line":114,"column":8},"end":{"line":161,"column":9}},"67":{"start":{"line":115,"column":12},"end":{"line":116,"column":63}},"68":{"start":{"line":117,"column":12},"end":{"line":117,"column":31}},"69":{"start":{"line":118,"column":12},"end":{"line":124,"column":13}},"70":{"start":{"line":119,"column":16},"end":{"line":119,"column":41}},"71":{"start":{"line":120,"column":16},"end":{"line":120,"column":44}},"72":{"start":{"line":122,"column":16},"end":{"line":122,"column":41}},"73":{"start":{"line":123,"column":16},"end":{"line":123,"column":44}},"74":{"start":{"line":126,"column":12},"end":{"line":160,"column":13}},"75":{"start":{"line":127,"column":16},"end":{"line":127,"column":41}},"76":{"start":{"line":128,"column":16},"end":{"line":128,"column":44}},"77":{"start":{"line":130,"column":16},"end":{"line":130,"column":28}},"78":{"start":{"line":131,"column":16},"end":{"line":151,"column":17}},"79":{"start":{"line":132,"column":20},"end":{"line":133,"column":71}},"80":{"start":{"line":134,"column":20},"end":{"line":134,"column":35}},"81":{"start":{"line":135,"column":20},"end":{"line":140,"column":21}},"82":{"start":{"line":136,"column":24},"end":{"line":136,"column":49}},"83":{"start":{"line":137,"column":24},"end":{"line":137,"column":52}},"84":{"start":{"line":139,"column":24},"end":{"line":139,"column":40}},"85":{"start":{"line":142,"column":20},"end":{"line":143,"column":64}},"86":{"start":{"line":144,"column":20},"end":{"line":144,"column":35}},"87":{"start":{"line":145,"column":20},"end":{"line":150,"column":21}},"88":{"start":{"line":146,"column":24},"end":{"line":146,"column":49}},"89":{"start":{"line":147,"column":24},"end":{"line":147,"column":52}},"90":{"start":{"line":149,"column":24},"end":{"line":149,"column":40}},"91":{"start":{"line":153,"column":16},"end":{"line":159,"column":17}},"92":{"start":{"line":154,"column":20},"end":{"line":158,"column":21}},"93":{"start":{"line":155,"column":24},"end":{"line":156,"column":62}},"94":{"start":{"line":157,"column":24},"end":{"line":157,"column":47}},"95":{"start":{"line":163,"column":8},"end":{"line":163,"column":36}},"96":{"start":{"line":164,"column":8},"end":{"line":164,"column":39}},"97":{"start":{"line":165,"column":8},"end":{"line":165,"column":37}},"98":{"start":{"line":168,"column":4},"end":{"line":168,"column":19}},"99":{"start":{"line":169,"column":4},"end":{"line":169,"column":23}},"100":{"start":{"line":171,"column":4},"end":{"line":171,"column":20}},"101":{"start":{"line":173,"column":4},"end":{"line":177,"column":5}},"102":{"start":{"line":174,"column":8},"end":{"line":174,"column":60}},"103":{"start":{"line":176,"column":8},"end":{"line":176,"column":70}},"104":{"start":{"line":179,"column":4},"end":{"line":179,"column":17}},"105":{"start":{"line":180,"column":4},"end":{"line":180,"column":23}},"106":{"start":{"line":182,"column":4},"end":{"line":182,"column":18}},"107":{"start":{"line":185,"column":0},"end":{"line":253,"column":2}},"108":{"start":{"line":188,"column":4},"end":{"line":188,"column":30}},"109":{"start":{"line":189,"column":4},"end":{"line":189,"column":22}},"110":{"start":{"line":190,"column":4},"end":{"line":190,"column":39}},"111":{"start":{"line":193,"column":4},"end":{"line":193,"column":31}},"112":{"start":{"line":193,"column":19},"end":{"line":193,"column":29}},"113":{"start":{"line":195,"column":4},"end":{"line":195,"column":48}},"114":{"start":{"line":196,"column":4},"end":{"line":196,"column":44}},"115":{"start":{"line":197,"column":4},"end":{"line":197,"column":67}},"116":{"start":{"line":204,"column":4},"end":{"line":204,"column":20}},"117":{"start":{"line":206,"column":4},"end":{"line":250,"column":5}},"118":{"start":{"line":207,"column":8},"end":{"line":207,"column":44}},"119":{"start":{"line":208,"column":8},"end":{"line":208,"column":31}},"120":{"start":{"line":209,"column":8},"end":{"line":209,"column":26}},"121":{"start":{"line":214,"column":8},"end":{"line":214,"column":34}},"122":{"start":{"line":216,"column":8},"end":{"line":216,"column":35}},"123":{"start":{"line":219,"column":8},"end":{"line":219,"column":37}},"124":{"start":{"line":220,"column":8},"end":{"line":220,"column":41}},"125":{"start":{"line":221,"column":8},"end":{"line":221,"column":30}},"126":{"start":{"line":223,"column":8},"end":{"line":235,"column":9}},"127":{"start":{"line":224,"column":12},"end":{"line":224,"column":36}},"128":{"start":{"line":226,"column":12},"end":{"line":226,"column":66}},"129":{"start":{"line":227,"column":12},"end":{"line":227,"column":36}},"130":{"start":{"line":228,"column":12},"end":{"line":228,"column":56}},"131":{"start":{"line":230,"column":12},"end":{"line":234,"column":13}},"132":{"start":{"line":231,"column":16},"end":{"line":231,"column":31}},"133":{"start":{"line":232,"column":16},"end":{"line":232,"column":35}},"134":{"start":{"line":233,"column":16},"end":{"line":233,"column":37}},"135":{"start":{"line":237,"column":8},"end":{"line":237,"column":38}},"136":{"start":{"line":239,"column":8},"end":{"line":239,"column":20}},"137":{"start":{"line":240,"column":8},"end":{"line":240,"column":24}},"138":{"start":{"line":241,"column":8},"end":{"line":241,"column":26}},"139":{"start":{"line":243,"column":8},"end":{"line":245,"column":9}},"140":{"start":{"line":244,"column":12},"end":{"line":244,"column":28}},"141":{"start":{"line":247,"column":8},"end":{"line":249,"column":9}},"142":{"start":{"line":248,"column":12},"end":{"line":248,"column":18}},"143":{"start":{"line":252,"column":4},"end":{"line":252,"column":14}}},"branchMap":{"1":{"line":11,"type":"binary-expr","locations":[{"start":{"line":11,"column":11},"end":{"line":11,"column":36}},{"start":{"line":11,"column":40},"end":{"line":11,"column":50}}]},"2":{"line":24,"type":"if","locations":[{"start":{"line":24,"column":4},"end":{"line":24,"column":4}},{"start":{"line":24,"column":4},"end":{"line":24,"column":4}}]},"3":{"line":28,"type":"if","locations":[{"start":{"line":28,"column":11},"end":{"line":28,"column":11}},{"start":{"line":28,"column":11},"end":{"line":28,"column":11}}]},"4":{"line":59,"type":"if","locations":[{"start":{"line":59,"column":4},"end":{"line":59,"column":4}},{"start":{"line":59,"column":4},"end":{"line":59,"column":4}}]},"5":{"line":64,"type":"cond-expr","locations":[{"start":{"line":64,"column":30},"end":{"line":64,"column":39}},{"start":{"line":64,"column":42},"end":{"line":64,"column":46}}]},"6":{"line":65,"type":"cond-expr","locations":[{"start":{"line":65,"column":36},"end":{"line":65,"column":48}},{"start":{"line":65,"column":51},"end":{"line":65,"column":58}}]},"7":{"line":82,"type":"if","locations":[{"start":{"line":82,"column":8},"end":{"line":82,"column":8}},{"start":{"line":82,"column":8},"end":{"line":82,"column":8}}]},"8":{"line":104,"type":"if","locations":[{"start":{"line":104,"column":8},"end":{"line":104,"column":8}},{"start":{"line":104,"column":8},"end":{"line":104,"column":8}}]},"9":{"line":114,"type":"if","locations":[{"start":{"line":114,"column":8},"end":{"line":114,"column":8}},{"start":{"line":114,"column":8},"end":{"line":114,"column":8}}]},"10":{"line":118,"type":"if","locations":[{"start":{"line":118,"column":12},"end":{"line":118,"column":12}},{"start":{"line":118,"column":12},"end":{"line":118,"column":12}}]},"11":{"line":126,"type":"if","locations":[{"start":{"line":126,"column":12},"end":{"line":126,"column":12}},{"start":{"line":126,"column":12},"end":{"line":126,"column":12}}]},"12":{"line":131,"type":"if","locations":[{"start":{"line":131,"column":16},"end":{"line":131,"column":16}},{"start":{"line":131,"column":16},"end":{"line":131,"column":16}}]},"13":{"line":135,"type":"if","locations":[{"start":{"line":135,"column":20},"end":{"line":135,"column":20}},{"start":{"line":135,"column":20},"end":{"line":135,"column":20}}]},"14":{"line":145,"type":"if","locations":[{"start":{"line":145,"column":20},"end":{"line":145,"column":20}},{"start":{"line":145,"column":20},"end":{"line":145,"column":20}}]},"15":{"line":153,"type":"if","locations":[{"start":{"line":153,"column":16},"end":{"line":153,"column":16}},{"start":{"line":153,"column":16},"end":{"line":153,"column":16}}]},"16":{"line":173,"type":"if","locations":[{"start":{"line":173,"column":4},"end":{"line":173,"column":4}},{"start":{"line":173,"column":4},"end":{"line":173,"column":4}}]},"17":{"line":193,"type":"if","locations":[{"start":{"line":193,"column":4},"end":{"line":193,"column":4}},{"start":{"line":193,"column":4},"end":{"line":193,"column":4}}]},"18":{"line":195,"type":"cond-expr","locations":[{"start":{"line":195,"column":30},"end":{"line":195,"column":39}},{"start":{"line":195,"column":42},"end":{"line":195,"column":47}}]},"19":{"line":196,"type":"cond-expr","locations":[{"start":{"line":196,"column":26},"end":{"line":196,"column":33}},{"start":{"line":196,"column":36},"end":{"line":196,"column":43}}]},"20":{"line":197,"type":"cond-expr","locations":[{"start":{"line":197,"column":36},"end":{"line":197,"column":48}},{"start":{"line":197,"column":51},"end":{"line":197,"column":66}}]},"21":{"line":230,"type":"if","locations":[{"start":{"line":230,"column":12},"end":{"line":230,"column":12}},{"start":{"line":230,"column":12},"end":{"line":230,"column":12}}]},"22":{"line":243,"type":"if","locations":[{"start":{"line":243,"column":8},"end":{"line":243,"column":8}},{"start":{"line":243,"column":8},"end":{"line":243,"column":8}}]},"23":{"line":247,"type":"if","locations":[{"start":{"line":247,"column":8},"end":{"line":247,"column":8}},{"start":{"line":247,"column":8},"end":{"line":247,"column":8}}]},"24":{"line":247,"type":"binary-expr","locations":[{"start":{"line":247,"column":12},"end":{"line":247,"column":17}},{"start":{"line":247,"column":21},"end":{"line":247,"column":33}}]}},"l":{"1":1,"2":1,"4":1,"5":1,"7":1,"9":1,"11":10,"14":1,"17":13,"18":13,"19":13,"21":13,"22":13,"24":13,"25":13,"26":13,"28":0,"29":0,"31":0,"34":13,"35":13,"36":13,"37":13,"40":13,"43":1,"44":73,"46":73,"47":122,"49":73,"52":1,"55":2,"56":2,"59":2,"64":2,"65":2,"68":2,"69":2,"70":2,"71":2,"72":2,"73":2,"75":2,"76":2,"77":2,"78":2,"80":2,"81":3,"82":3,"83":2,"85":1,"88":3,"89":3,"92":2,"93":2,"94":2,"96":2,"99":2,"100":73,"102":73,"104":73,"105":2,"108":71,"110":71,"112":71,"114":71,"115":20,"117":20,"118":20,"119":18,"120":18,"122":2,"123":2,"126":51,"127":15,"128":15,"130":36,"131":36,"132":3,"134":3,"135":3,"136":3,"137":3,"139":0,"142":33,"144":33,"145":33,"146":32,"147":32,"149":1,"153":36,"154":1,"155":2,"157":2,"163":71,"164":71,"165":71,"168":2,"169":2,"171":2,"173":2,"174":0,"176":2,"179":2,"180":2,"182":2,"185":1,"188":1,"189":1,"190":1,"193":1,"195":1,"196":1,"197":1,"204":1,"206":1,"207":13,"208":13,"209":13,"214":13,"216":13,"219":13,"220":13,"221":13,"223":13,"224":78,"226":78,"227":78,"228":78,"230":78,"231":13,"232":13,"233":13,"237":13,"239":13,"240":13,"241":13,"243":13,"244":0,"247":13,"248":1,"252":1}},
"/Users/williamfligor/Documents/Projects/optimize.js/lib/vector.js":{"path":"/Users/williamfligor/Documents/Projects/optimize.js/lib/vector.js","s":{"1":1,"2":1,"3":122,"4":122,"5":142,"6":68,"7":74,"8":122,"9":54,"10":122,"11":97,"12":122,"13":1,"14":3,"15":1,"16":3,"17":2,"18":2,"19":1,"20":1,"21":43,"22":43,"23":1,"24":42,"25":42,"26":57,"27":42,"28":1,"29":16,"30":2,"31":2,"32":2,"33":14,"34":1,"35":73,"36":73,"37":73,"38":73,"39":73,"40":0,"41":0,"42":0,"43":0,"44":0,"45":0,"46":0,"47":73,"48":73,"49":195,"50":73,"51":1,"52":80,"53":80,"54":1,"55":79,"56":158,"57":79,"58":1,"59":327,"60":327,"61":539,"62":327,"63":1,"64":178,"65":178,"66":1,"67":177,"68":308,"69":177,"70":1,"71":81,"72":81,"73":1,"74":80,"75":82,"76":80,"77":1,"78":71,"79":71,"80":48,"81":71,"82":1,"83":146,"84":146,"85":390,"86":146,"87":1,"88":317,"89":317,"90":195,"91":122,"92":122,"93":122,"94":122,"95":1,"96":74,"97":1,"98":73},"b":{"1":[264,196],"2":[68,74],"3":[1,2],"4":[2,1],"5":[1,42],"6":[2,14],"7":[73,0],"8":[0,0],"9":[1,79],"10":[1,177],"11":[1,80],"12":[195,122],"13":[317,317],"14":[1,73],"15":[74,73]},"f":{"1":122,"2":3,"3":43,"4":16,"5":73,"6":80,"7":327,"8":178,"9":81,"10":71,"11":146,"12":317,"13":74},"fnMap":{"1":{"name":"merge","line":3,"loc":{"start":{"line":3,"column":0},"end":{"line":3,"column":27}}},"2":{"name":"(anonymous_2)","line":22,"loc":{"start":{"line":22,"column":15},"end":{"line":22,"column":33}}},"3":{"name":"(anonymous_3)","line":33,"loc":{"start":{"line":33,"column":14},"end":{"line":33,"column":27}}},"4":{"name":"(anonymous_4)","line":47,"loc":{"start":{"line":47,"column":19},"end":{"line":47,"column":32}}},"5":{"name":"(anonymous_5)","line":57,"loc":{"start":{"line":57,"column":15},"end":{"line":57,"column":34}}},"6":{"name":"(anonymous_6)","line":81,"loc":{"start":{"line":81,"column":13},"end":{"line":81,"column":29}}},"7":{"name":"(anonymous_7)","line":93,"loc":{"start":{"line":93,"column":15},"end":{"line":93,"column":31}}},"8":{"name":"(anonymous_8)","line":101,"loc":{"start":{"line":101,"column":13},"end":{"line":101,"column":29}}},"9":{"name":"(anonymous_9)","line":112,"loc":{"start":{"line":112,"column":18},"end":{"line":112,"column":34}}},"10":{"name":"(anonymous_10)","line":123,"loc":{"start":{"line":123,"column":16},"end":{"line":123,"column":29}}},"11":{"name":"(anonymous_11)","line":131,"loc":{"start":{"line":131,"column":14},"end":{"line":131,"column":32}}},"12":{"name":"rec_argsort","line":140,"loc":{"start":{"line":140,"column":0},"end":{"line":140,"column":33}}},"13":{"name":"(anonymous_13)","line":154,"loc":{"start":{"line":154,"column":17},"end":{"line":154,"column":30}}}},"statementMap":{"1":{"start":{"line":1,"column":0},"end":{"line":1,"column":33}},"2":{"start":{"line":3,"column":0},"end":{"line":20,"column":1}},"3":{"start":{"line":5,"column":4},"end":{"line":5,"column":20}},"4":{"start":{"line":6,"column":4},"end":{"line":12,"column":5}},"5":{"start":{"line":7,"column":8},"end":{"line":11,"column":9}},"6":{"start":{"line":8,"column":12},"end":{"line":8,"column":35}},"7":{"start":{"line":10,"column":12},"end":{"line":10,"column":35}},"8":{"start":{"line":13,"column":4},"end":{"line":15,"column":5}},"9":{"start":{"line":14,"column":8},"end":{"line":14,"column":31}},"10":{"start":{"line":16,"column":4},"end":{"line":18,"column":5}},"11":{"start":{"line":17,"column":8},"end":{"line":17,"column":31}},"12":{"start":{"line":19,"column":4},"end":{"line":19,"column":18}},"13":{"start":{"line":22,"column":0},"end":{"line":31,"column":2}},"14":{"start":{"line":23,"column":4},"end":{"line":23,"column":25}},"15":{"start":{"line":23,"column":14},"end":{"line":23,"column":23}},"16":{"start":{"line":25,"column":4},"end":{"line":30,"column":5}},"17":{"start":{"line":26,"column":8},"end":{"line":26,"column":29}},"18":{"start":{"line":27,"column":8},"end":{"line":27,"column":41}},"19":{"start":{"line":29,"column":8},"end":{"line":29,"column":19}},"20":{"start":{"line":33,"column":0},"end":{"line":45,"column":2}},"21":{"start":{"line":34,"column":4},"end":{"line":34,"column":13}},"22":{"start":{"line":35,"column":4},"end":{"line":37,"column":5}},"23":{"start":{"line":36,"column":8},"end":{"line":36,"column":17}},"24":{"start":{"line":39,"column":4},"end":{"line":39,"column":11}},"25":{"start":{"line":40,"column":4},"end":{"line":42,"column":5}},"26":{"start":{"line":41,"column":8},"end":{"line":41,"column":20}},"27":{"start":{"line":44,"column":4},"end":{"line":44,"column":13}},"28":{"start":{"line":47,"column":0},"end":{"line":55,"column":2}},"29":{"start":{"line":49,"column":4},"end":{"line":53,"column":5}},"30":{"start":{"line":50,"column":8},"end":{"line":50,"column":21}},"31":{"start":{"line":51,"column":8},"end":{"line":51,"column":19}},"32":{"start":{"line":52,"column":8},"end":{"line":52,"column":19}},"33":{"start":{"line":54,"column":4},"end":{"line":54,"column":13}},"34":{"start":{"line":57,"column":0},"end":{"line":79,"column":2}},"35":{"start":{"line":58,"column":4},"end":{"line":58,"column":36}},"36":{"start":{"line":59,"column":4},"end":{"line":71,"column":5}},"37":{"start":{"line":60,"column":8},"end":{"line":60,"column":17}},"38":{"start":{"line":61,"column":8},"end":{"line":61,"column":17}},"39":{"start":{"line":62,"column":8},"end":{"line":62,"column":15}},"40":{"start":{"line":63,"column":11},"end":{"line":71,"column":5}},"41":{"start":{"line":64,"column":8},"end":{"line":64,"column":17}},"42":{"start":{"line":65,"column":8},"end":{"line":65,"column":17}},"43":{"start":{"line":66,"column":8},"end":{"line":66,"column":15}},"44":{"start":{"line":68,"column":8},"end":{"line":68,"column":17}},"45":{"start":{"line":69,"column":8},"end":{"line":69,"column":17}},"46":{"start":{"line":70,"column":8},"end":{"line":70,"column":15}},"47":{"start":{"line":73,"column":4},"end":{"line":73,"column":10}},"48":{"start":{"line":74,"column":4},"end":{"line":76,"column":5}},"49":{"start":{"line":75,"column":8},"end":{"line":75,"column":19}},"50":{"start":{"line":78,"column":4},"end":{"line":78,"column":15}},"51":{"start":{"line":81,"column":0},"end":{"line":91,"column":2}},"52":{"start":{"line":82,"column":4},"end":{"line":82,"column":24}},"53":{"start":{"line":83,"column":4},"end":{"line":85,"column":5}},"54":{"start":{"line":84,"column":8},"end":{"line":84,"column":45}},"55":{"start":{"line":87,"column":4},"end":{"line":89,"column":5}},"56":{"start":{"line":88,"column":8},"end":{"line":88,"column":30}},"57":{"start":{"line":90,"column":4},"end":{"line":90,"column":18}},"58":{"start":{"line":93,"column":0},"end":{"line":99,"column":2}},"59":{"start":{"line":94,"column":4},"end":{"line":94,"column":23}},"60":{"start":{"line":95,"column":4},"end":{"line":97,"column":5}},"61":{"start":{"line":96,"column":8},"end":{"line":96,"column":29}},"62":{"start":{"line":98,"column":4},"end":{"line":98,"column":18}},"63":{"start":{"line":101,"column":0},"end":{"line":110,"column":2}},"64":{"start":{"line":102,"column":4},"end":{"line":102,"column":23}},"65":{"start":{"line":103,"column":4},"end":{"line":105,"column":5}},"66":{"start":{"line":104,"column":8},"end":{"line":104,"column":45}},"67":{"start":{"line":106,"column":4},"end":{"line":108,"column":5}},"68":{"start":{"line":107,"column":8},"end":{"line":107,"column":32}},"69":{"start":{"line":109,"column":4},"end":{"line":109,"column":18}},"70":{"start":{"line":112,"column":0},"end":{"line":121,"column":2}},"71":{"start":{"line":113,"column":4},"end":{"line":113,"column":23}},"72":{"start":{"line":114,"column":4},"end":{"line":116,"column":5}},"73":{"start":{"line":115,"column":8},"end":{"line":115,"column":50}},"74":{"start":{"line":117,"column":4},"end":{"line":119,"column":5}},"75":{"start":{"line":118,"column":8},"end":{"line":118,"column":32}},"76":{"start":{"line":120,"column":4},"end":{"line":120,"column":18}},"77":{"start":{"line":123,"column":0},"end":{"line":129,"column":2}},"78":{"start":{"line":124,"column":4},"end":{"line":124,"column":25}},"79":{"start":{"line":125,"column":4},"end":{"line":127,"column":5}},"80":{"start":{"line":126,"column":8},"end":{"line":126,"column":42}},"81":{"start":{"line":128,"column":4},"end":{"line":128,"column":18}},"82":{"start":{"line":131,"column":0},"end":{"line":138,"column":2}},"83":{"start":{"line":133,"column":4},"end":{"line":133,"column":23}},"84":{"start":{"line":134,"column":4},"end":{"line":136,"column":5}},"85":{"start":{"line":135,"column":8},"end":{"line":135,"column":30}},"86":{"start":{"line":137,"column":4},"end":{"line":137,"column":18}},"87":{"start":{"line":140,"column":0},"end":{"line":152,"column":1}},"88":{"start":{"line":142,"column":4},"end":{"line":142,"column":16}},"89":{"start":{"line":143,"column":4},"end":{"line":145,"column":5}},"90":{"start":{"line":144,"column":8},"end":{"line":144,"column":20}},"91":{"start":{"line":147,"column":4},"end":{"line":147,"column":34}},"92":{"start":{"line":148,"column":4},"end":{"line":148,"column":25}},"93":{"start":{"line":149,"column":4},"end":{"line":149,"column":35}},"94":{"start":{"line":150,"column":4},"end":{"line":151,"column":36}},"95":{"start":{"line":154,"column":0},"end":{"line":161,"column":2}},"96":{"start":{"line":156,"column":4},"end":{"line":158,"column":5}},"97":{"start":{"line":157,"column":8},"end":{"line":157,"column":17}},"98":{"start":{"line":160,"column":4},"end":{"line":160,"column":50}}},"branchMap":{"1":{"line":6,"type":"binary-expr","locations":[{"start":{"line":6,"column":11},"end":{"line":6,"column":19}},{"start":{"line":6,"column":23},"end":{"line":6,"column":31}}]},"2":{"line":7,"type":"if","locations":[{"start":{"line":7,"column":8},"end":{"line":7,"column":8}},{"start":{"line":7,"column":8},"end":{"line":7,"column":8}}]},"3":{"line":23,"type":"if","locations":[{"start":{"line":23,"column":4},"end":{"line":23,"column":4}},{"start":{"line":23,"column":4},"end":{"line":23,"column":4}}]},"4":{"line":25,"type":"if","locations":[{"start":{"line":25,"column":4},"end":{"line":25,"column":4}},{"start":{"line":25,"column":4},"end":{"line":25,"column":4}}]},"5":{"line":35,"type":"if","locations":[{"start":{"line":35,"column":4},"end":{"line":35,"column":4}},{"start":{"line":35,"column":4},"end":{"line":35,"column":4}}]},"6":{"line":49,"type":"if","locations":[{"start":{"line":49,"column":4},"end":{"line":49,"column":4}},{"start":{"line":49,"column":4},"end":{"line":49,"column":4}}]},"7":{"line":59,"type":"if","locations":[{"start":{"line":59,"column":4},"end":{"line":59,"column":4}},{"start":{"line":59,"column":4},"end":{"line":59,"column":4}}]},"8":{"line":63,"type":"if","locations":[{"start":{"line":63,"column":11},"end":{"line":63,"column":11}},{"start":{"line":63,"column":11},"end":{"line":63,"column":11}}]},"9":{"line":83,"type":"if","locations":[{"start":{"line":83,"column":4},"end":{"line":83,"column":4}},{"start":{"line":83,"column":4},"end":{"line":83,"column":4}}]},"10":{"line":103,"type":"if","locations":[{"start":{"line":103,"column":4},"end":{"line":103,"column":4}},{"start":{"line":103,"column":4},"end":{"line":103,"column":4}}]},"11":{"line":114,"type":"if","locations":[{"start":{"line":114,"column":4},"end":{"line":114,"column":4}},{"start":{"line":114,"column":4},"end":{"line":114,"column":4}}]},"12":{"line":143,"type":"if","locations":[{"start":{"line":143,"column":4},"end":{"line":143,"column":4}},{"start":{"line":143,"column":4},"end":{"line":143,"column":4}}]},"13":{"line":143,"type":"binary-expr","locations":[{"start":{"line":143,"column":8},"end":{"line":143,"column":36}},{"start":{"line":143,"column":40},"end":{"line":143,"column":57}}]},"14":{"line":156,"type":"if","locations":[{"start":{"line":156,"column":4},"end":{"line":156,"column":4}},{"start":{"line":156,"column":4},"end":{"line":156,"column":4}}]},"15":{"line":156,"type":"binary-expr","locations":[{"start":{"line":156,"column":8},"end":{"line":156,"column":40}},{"start":{"line":156,"column":44},"end":{"line":156,"column":58}}]}},"l":{"1":1,"3":1,"5":122,"6":122,"7":142,"8":68,"10":74,"13":122,"14":54,"16":122,"17":97,"19":122,"22":1,"23":3,"25":3,"26":2,"27":2,"29":1,"33":1,"34":43,"35":43,"36":1,"39":42,"40":42,"41":57,"44":42,"47":1,"49":16,"50":2,"51":2,"52":2,"54":14,"57":1,"58":73,"59":73,"60":73,"61":73,"62":73,"63":0,"64":0,"65":0,"66":0,"68":0,"69":0,"70":0,"73":73,"74":73,"75":195,"78":73,"81":1,"82":80,"83":80,"84":1,"87":79,"88":158,"90":79,"93":1,"94":327,"95":327,"96":539,"98":327,"101":1,"102":178,"103":178,"104":1,"106":177,"107":308,"109":177,"112":1,"113":81,"114":81,"115":1,"117":80,"118":82,"120":80,"123":1,"124":71,"125":71,"126":48,"128":71,"131":1,"133":146,"134":146,"135":390,"137":146,"140":1,"142":317,"143":317,"144":195,"147":122,"148":122,"149":122,"150":122,"154":1,"156":74,"157":1,"160":73}}}
