TN:
SF:/Users/williamfligor/Documents/Projects/optimize.js/lib/optimize.js
FN:9,q
FN:14,approx_jacobian
FN:43,max_abs_diff
FN:52,(anonymous_4)
FN:185,(anonymous_5)
FNF:5
FNH:5
FNDA:10,q
FNDA:13,approx_jacobian
FNDA:73,max_abs_diff
FNDA:2,(anonymous_4)
FNDA:1,(anonymous_5)
DA:1,1
DA:2,1
DA:4,1
DA:5,1
DA:7,1
DA:9,1
DA:11,10
DA:14,1
DA:17,13
DA:18,13
DA:19,13
DA:21,13
DA:22,13
DA:24,13
DA:25,13
DA:26,13
DA:28,0
DA:29,0
DA:31,0
DA:34,13
DA:35,13
DA:36,13
DA:37,13
DA:40,13
DA:43,1
DA:44,73
DA:46,73
DA:47,122
DA:49,73
DA:52,1
DA:55,2
DA:56,2
DA:59,2
DA:64,2
DA:65,2
DA:68,2
DA:69,2
DA:70,2
DA:71,2
DA:72,2
DA:73,2
DA:75,2
DA:76,2
DA:77,2
DA:78,2
DA:80,2
DA:81,3
DA:82,3
DA:83,2
DA:85,1
DA:88,3
DA:89,3
DA:92,2
DA:93,2
DA:94,2
DA:96,2
DA:99,2
DA:100,73
DA:102,73
DA:104,73
DA:105,2
DA:108,71
DA:110,71
DA:112,71
DA:114,71
DA:115,20
DA:117,20
DA:118,20
DA:119,18
DA:120,18
DA:122,2
DA:123,2
DA:126,51
DA:127,15
DA:128,15
DA:130,36
DA:131,36
DA:132,3
DA:134,3
DA:135,3
DA:136,3
DA:137,3
DA:139,0
DA:142,33
DA:144,33
DA:145,33
DA:146,32
DA:147,32
DA:149,1
DA:153,36
DA:154,1
DA:155,2
DA:157,2
DA:163,71
DA:164,71
DA:165,71
DA:168,2
DA:169,2
DA:171,2
DA:173,2
DA:174,0
DA:176,2
DA:179,2
DA:180,2
DA:182,2
DA:185,1
DA:188,1
DA:189,1
DA:190,1
DA:193,1
DA:195,1
DA:196,1
DA:197,1
DA:204,1
DA:206,1
DA:207,13
DA:208,13
DA:209,13
DA:214,13
DA:216,13
DA:219,13
DA:220,13
DA:221,13
DA:223,13
DA:224,78
DA:226,78
DA:227,78
DA:228,78
DA:230,78
DA:231,13
DA:232,13
DA:233,13
DA:237,13
DA:239,13
DA:240,13
DA:241,13
DA:243,13
DA:244,0
DA:247,13
DA:248,1
DA:252,1
LF:141
LH:135
BRDA:11,1,0,10
BRDA:11,1,1,7
BRDA:24,2,0,13
BRDA:24,2,1,0
BRDA:28,3,0,0
BRDA:28,3,1,0
BRDA:59,4,0,1
BRDA:59,4,1,1
BRDA:64,5,0,1
BRDA:64,5,1,1
BRDA:65,6,0,1
BRDA:65,6,1,1
BRDA:82,7,0,2
BRDA:82,7,1,1
BRDA:104,8,0,2
BRDA:104,8,1,71
BRDA:114,9,0,20
BRDA:114,9,1,51
BRDA:118,10,0,18
BRDA:118,10,1,2
BRDA:126,11,0,15
BRDA:126,11,1,36
BRDA:131,12,0,3
BRDA:131,12,1,33
BRDA:135,13,0,3
BRDA:135,13,1,0
BRDA:145,14,0,32
BRDA:145,14,1,1
BRDA:153,15,0,1
BRDA:153,15,1,35
BRDA:173,16,0,0
BRDA:173,16,1,2
BRDA:193,17,0,0
BRDA:193,17,1,1
BRDA:195,18,0,1
BRDA:195,18,1,0
BRDA:196,19,0,1
BRDA:196,19,1,0
BRDA:197,20,0,1
BRDA:197,20,1,0
BRDA:230,21,0,13
BRDA:230,21,1,65
BRDA:243,22,0,0
BRDA:243,22,1,13
BRDA:247,23,0,1
BRDA:247,23,1,12
BRDA:247,24,0,13
BRDA:247,24,1,11
BRF:48
BRH:38
end_of_record
TN:
SF:/Users/williamfligor/Documents/Projects/optimize.js/lib/vector.js
FN:3,merge
FN:22,(anonymous_2)
FN:33,(anonymous_3)
FN:47,(anonymous_4)
FN:57,(anonymous_5)
FN:81,(anonymous_6)
FN:93,(anonymous_7)
FN:101,(anonymous_8)
FN:112,(anonymous_9)
FN:123,(anonymous_10)
FN:131,(anonymous_11)
FN:140,rec_argsort
FN:154,(anonymous_13)
FNF:13
FNH:13
FNDA:122,merge
FNDA:3,(anonymous_2)
FNDA:43,(anonymous_3)
FNDA:16,(anonymous_4)
FNDA:73,(anonymous_5)
FNDA:80,(anonymous_6)
FNDA:327,(anonymous_7)
FNDA:178,(anonymous_8)
FNDA:81,(anonymous_9)
FNDA:71,(anonymous_10)
FNDA:146,(anonymous_11)
FNDA:317,rec_argsort
FNDA:74,(anonymous_13)
DA:1,1
DA:3,1
DA:5,122
DA:6,122
DA:7,142
DA:8,68
DA:10,74
DA:13,122
DA:14,54
DA:16,122
DA:17,97
DA:19,122
DA:22,1
DA:23,3
DA:25,3
DA:26,2
DA:27,2
DA:29,1
DA:33,1
DA:34,43
DA:35,43
DA:36,1
DA:39,42
DA:40,42
DA:41,57
DA:44,42
DA:47,1
DA:49,16
DA:50,2
DA:51,2
DA:52,2
DA:54,14
DA:57,1
DA:58,73
DA:59,73
DA:60,73
DA:61,73
DA:62,73
DA:63,0
DA:64,0
DA:65,0
DA:66,0
DA:68,0
DA:69,0
DA:70,0
DA:73,73
DA:74,73
DA:75,195
DA:78,73
DA:81,1
DA:82,80
DA:83,80
DA:84,1
DA:87,79
DA:88,158
DA:90,79
DA:93,1
DA:94,327
DA:95,327
DA:96,539
DA:98,327
DA:101,1
DA:102,178
DA:103,178
DA:104,1
DA:106,177
DA:107,308
DA:109,177
DA:112,1
DA:113,81
DA:114,81
DA:115,1
DA:117,80
DA:118,82
DA:120,80
DA:123,1
DA:124,71
DA:125,71
DA:126,48
DA:128,71
DA:131,1
DA:133,146
DA:134,146
DA:135,390
DA:137,146
DA:140,1
DA:142,317
DA:143,317
DA:144,195
DA:147,122
DA:148,122
DA:149,122
DA:150,122
DA:154,1
DA:156,74
DA:157,1
DA:160,73
LF:97
LH:90
BRDA:6,1,0,264
BRDA:6,1,1,196
BRDA:7,2,0,68
BRDA:7,2,1,74
BRDA:23,3,0,1
BRDA:23,3,1,2
BRDA:25,4,0,2
BRDA:25,4,1,1
BRDA:35,5,0,1
BRDA:35,5,1,42
BRDA:49,6,0,2
BRDA:49,6,1,14
BRDA:59,7,0,73
BRDA:59,7,1,0
BRDA:63,8,0,0
BRDA:63,8,1,0
BRDA:83,9,0,1
BRDA:83,9,1,79
BRDA:103,10,0,1
BRDA:103,10,1,177
BRDA:114,11,0,1
BRDA:114,11,1,80
BRDA:143,12,0,195
BRDA:143,12,1,122
BRDA:143,13,0,317
BRDA:143,13,1,317
BRDA:156,14,0,1
BRDA:156,14,1,73
BRDA:156,15,0,74
BRDA:156,15,1,73
BRF:30
BRH:27
end_of_record
